@!@!@STARTMSG 2262:0 @!@!@
TLC2 Version 2.16 of 31 December 2020 (rev: cdddf55)
@!@!@ENDMSG 2262 @!@!@
@!@!@STARTMSG 2187:0 @!@!@
Running breadth-first search Model-Checking with fp 45 and seed -6375079713840676366 with 6 workers on 12 cores with 1214MB heap and 2730MB offheap memory [pid: 8570] (Mac OS X 10.16 x86_64, AdoptOpenJDK 14.0.1 x86_64, OffHeapDiskFPSet, DiskStateQueue).
@!@!@ENDMSG 2187 @!@!@
@!@!@STARTMSG 2220:0 @!@!@
Starting SANY...
@!@!@ENDMSG 2220 @!@!@
Parsing file /Users/wangweiran/Desktop/ID2203 Distributed System, Advanced Course/project/Weiran's Code/LeaderElection.toolbox/Model/MC.tla
Parsing file /Users/wangweiran/Desktop/ID2203 Distributed System, Advanced Course/project/Weiran's Code/LeaderElection.toolbox/Model/LeaderElection.tla
Parsing file /Applications/TLA+ Toolbox.app/Contents/Eclipse/plugins/org.lamport.tlatools_1.0.0.202012311918/tla2sany/StandardModules/TLC.tla
Parsing file /Applications/TLA+ Toolbox.app/Contents/Eclipse/plugins/org.lamport.tlatools_1.0.0.202012311918/tla2sany/StandardModules/Integers.tla
Parsing file /Applications/TLA+ Toolbox.app/Contents/Eclipse/plugins/org.lamport.tlatools_1.0.0.202012311918/tla2sany/StandardModules/Sequences.tla
Parsing file /Applications/TLA+ Toolbox.app/Contents/Eclipse/plugins/org.lamport.tlatools_1.0.0.202012311918/tla2sany/StandardModules/FiniteSets.tla
Parsing file /Applications/TLA+ Toolbox.app/Contents/Eclipse/plugins/org.lamport.tlatools_1.0.0.202012311918/tla2sany/StandardModules/Naturals.tla
Semantic processing of module Naturals
Semantic processing of module Integers
Semantic processing of module Sequences
Semantic processing of module FiniteSets
Semantic processing of module TLC
Semantic processing of module LeaderElection
Semantic processing of module MC
@!@!@STARTMSG 2219:0 @!@!@
SANY finished.
@!@!@ENDMSG 2219 @!@!@
@!@!@STARTMSG 2185:0 @!@!@
Starting... (2021-05-15 15:13:00)
@!@!@ENDMSG 2185 @!@!@
@!@!@STARTMSG 2212:0 @!@!@
Implied-temporal checking--satisfiability problem has 1 branches.
@!@!@ENDMSG 2212 @!@!@
<<"$!@$!@$!@$!@$!", 3>>
@!@!@STARTMSG 2189:0 @!@!@
Computing initial states...
@!@!@ENDMSG 2189 @!@!@
@!@!@STARTMSG 2190:0 @!@!@
Finished computing initial states: 1 distinct state generated at 2021-05-15 15:13:01.
@!@!@ENDMSG 2190 @!@!@
@!@!@STARTMSG 2200:0 @!@!@
Progress(97) at 2021-05-15 15:13:02: 25,874 states generated, 6,383 distinct states found, 0 states left on queue.
@!@!@ENDMSG 2200 @!@!@
@!@!@STARTMSG 2192:0 @!@!@
Checking temporal properties for the complete state space with 6383 total distinct states at (2021-05-15 15:13:02)
@!@!@ENDMSG 2192 @!@!@
@!@!@STARTMSG 2116:1 @!@!@
Temporal properties were violated.

@!@!@ENDMSG 2116 @!@!@
@!@!@STARTMSG 2264:1 @!@!@
The following behavior constitutes a counter-example:

@!@!@ENDMSG 2264 @!@!@
@!@!@STARTMSG 2217:4 @!@!@
1: <Initial predicate>
/\ mailbox = <<{}, {}, {}>>
/\ elected = <<FALSE, FALSE, FALSE>>
/\ round = <<0, 0, 0>>
/\ pc = <<"P", "P", "P">>
/\ leader = <<0, 0, 0>>
/\ recv = <<{}, {}, {}>>

@!@!@ENDMSG 2217 @!@!@
@!@!@STARTMSG 2217:4 @!@!@
2: <P line 95, col 12 to line 101, col 61 of module LeaderElection>
/\ mailbox = <<{}, {}, {}>>
/\ elected = <<FALSE, FALSE, FALSE>>
/\ round = <<0, 0, 0>>
/\ pc = <<"P", "P", "Bcast">>
/\ leader = <<0, 0, 0>>
/\ recv = <<{}, {}, 1..3>>

@!@!@ENDMSG 2217 @!@!@
@!@!@STARTMSG 2217:4 @!@!@
3: <Bcast line 103, col 16 to line 114, col 34 of module LeaderElection>
/\ mailbox = <<{}, {3}, {}>>
/\ elected = <<FALSE, FALSE, FALSE>>
/\ round = <<0, 0, 0>>
/\ pc = <<"P", "P", "Bcast">>
/\ leader = <<0, 0, 0>>
/\ recv = <<{}, {}, {1, 3}>>

@!@!@ENDMSG 2217 @!@!@
@!@!@STARTMSG 2217:4 @!@!@
4: <P line 95, col 12 to line 101, col 61 of module LeaderElection>
/\ mailbox = <<{}, {3}, {}>>
/\ elected = <<FALSE, FALSE, FALSE>>
/\ round = <<0, 0, 0>>
/\ pc = <<"Bcast", "P", "Bcast">>
/\ leader = <<0, 0, 0>>
/\ recv = <<1..3, {}, {1, 3}>>

@!@!@ENDMSG 2217 @!@!@
@!@!@STARTMSG 2217:4 @!@!@
5: <Bcast line 103, col 16 to line 114, col 34 of module LeaderElection>
/\ mailbox = <<{1}, {3}, {}>>
/\ elected = <<FALSE, FALSE, FALSE>>
/\ round = <<0, 0, 0>>
/\ pc = <<"Bcast", "P", "Bcast">>
/\ leader = <<0, 0, 0>>
/\ recv = <<{2, 3}, {}, {1, 3}>>

@!@!@ENDMSG 2217 @!@!@
@!@!@STARTMSG 2217:4 @!@!@
6: <Bcast line 103, col 16 to line 114, col 34 of module LeaderElection>
/\ mailbox = <<{1, 3}, {3}, {}>>
/\ elected = <<FALSE, FALSE, FALSE>>
/\ round = <<0, 0, 0>>
/\ pc = <<"Bcast", "P", "Bcast">>
/\ leader = <<0, 0, 0>>
/\ recv = <<{2, 3}, {}, {3}>>

@!@!@ENDMSG 2217 @!@!@
@!@!@STARTMSG 2217:4 @!@!@
7: <Bcast line 103, col 16 to line 114, col 34 of module LeaderElection>
/\ mailbox = <<{1, 3}, {1, 3}, {}>>
/\ elected = <<FALSE, FALSE, FALSE>>
/\ round = <<0, 0, 0>>
/\ pc = <<"Bcast", "P", "Bcast">>
/\ leader = <<0, 0, 0>>
/\ recv = <<{3}, {}, {3}>>

@!@!@ENDMSG 2217 @!@!@
@!@!@STARTMSG 2217:4 @!@!@
8: <Bcast line 103, col 16 to line 114, col 34 of module LeaderElection>
/\ mailbox = <<{1, 3}, {1, 3}, {3}>>
/\ elected = <<FALSE, FALSE, FALSE>>
/\ round = <<0, 0, 0>>
/\ pc = <<"Bcast", "P", "Bcast">>
/\ leader = <<0, 0, 0>>
/\ recv = <<{3}, {}, {}>>

@!@!@ENDMSG 2217 @!@!@
@!@!@STARTMSG 2217:4 @!@!@
9: <Bcast line 103, col 16 to line 114, col 34 of module LeaderElection>
/\ mailbox = <<{1, 3}, {1, 3}, {1, 3}>>
/\ elected = <<FALSE, FALSE, FALSE>>
/\ round = <<0, 0, 0>>
/\ pc = <<"Bcast", "P", "Bcast">>
/\ leader = <<0, 0, 0>>
/\ recv = <<{}, {}, {}>>

@!@!@ENDMSG 2217 @!@!@
@!@!@STARTMSG 2217:4 @!@!@
10: <Bcast line 103, col 16 to line 114, col 34 of module LeaderElection>
/\ mailbox = <<{1, 3}, {1, 3}, {1, 3}>>
/\ elected = <<FALSE, FALSE, FALSE>>
/\ round = <<1, 0, 0>>
/\ pc = <<"Sync", "P", "Bcast">>
/\ leader = <<0, 0, 0>>
/\ recv = <<{}, {}, {}>>

@!@!@ENDMSG 2217 @!@!@
@!@!@STARTMSG 2217:4 @!@!@
11: <Bcast line 103, col 16 to line 114, col 34 of module LeaderElection>
/\ mailbox = <<{1, 3}, {1, 3}, {1, 3}>>
/\ elected = <<FALSE, FALSE, FALSE>>
/\ round = <<1, 0, 1>>
/\ pc = <<"Sync", "P", "Sync">>
/\ leader = <<0, 0, 0>>
/\ recv = <<{}, {}, {}>>

@!@!@ENDMSG 2217 @!@!@
@!@!@STARTMSG 2217:4 @!@!@
12: <P line 95, col 12 to line 101, col 61 of module LeaderElection>
/\ mailbox = <<{1, 3}, {1, 3}, {1, 3}>>
/\ elected = <<FALSE, FALSE, FALSE>>
/\ round = <<1, 0, 1>>
/\ pc = <<"Sync", "Bcast", "Sync">>
/\ leader = <<0, 0, 0>>
/\ recv = <<{}, 1..3, {}>>

@!@!@ENDMSG 2217 @!@!@
@!@!@STARTMSG 2217:4 @!@!@
13: <Bcast line 103, col 16 to line 114, col 34 of module LeaderElection>
/\ mailbox = <<{1, 2, 3}, {1, 3}, {1, 3}>>
/\ elected = <<FALSE, FALSE, FALSE>>
/\ round = <<1, 0, 1>>
/\ pc = <<"Sync", "Bcast", "Sync">>
/\ leader = <<0, 0, 0>>
/\ recv = <<{}, {2, 3}, {}>>

@!@!@ENDMSG 2217 @!@!@
@!@!@STARTMSG 2217:4 @!@!@
14: <Bcast line 103, col 16 to line 114, col 34 of module LeaderElection>
/\ mailbox = <<{1, 2, 3}, {1, 3}, {1, 2, 3}>>
/\ elected = <<FALSE, FALSE, FALSE>>
/\ round = <<1, 0, 1>>
/\ pc = <<"Sync", "Bcast", "Sync">>
/\ leader = <<0, 0, 0>>
/\ recv = <<{}, {2}, {}>>

@!@!@ENDMSG 2217 @!@!@
@!@!@STARTMSG 2217:4 @!@!@
15: <Bcast line 103, col 16 to line 114, col 34 of module LeaderElection>
/\ mailbox = <<{1, 2, 3}, {1, 2, 3}, {1, 2, 3}>>
/\ elected = <<FALSE, FALSE, FALSE>>
/\ round = <<1, 0, 1>>
/\ pc = <<"Sync", "Bcast", "Sync">>
/\ leader = <<0, 0, 0>>
/\ recv = <<{}, {}, {}>>

@!@!@ENDMSG 2217 @!@!@
@!@!@STARTMSG 2217:4 @!@!@
16: <Bcast line 103, col 16 to line 114, col 34 of module LeaderElection>
/\ mailbox = <<{1, 2, 3}, {1, 2, 3}, {1, 2, 3}>>
/\ elected = <<FALSE, FALSE, FALSE>>
/\ round = <<1, 1, 1>>
/\ pc = <<"Sync", "Sync", "Sync">>
/\ leader = <<0, 0, 0>>
/\ recv = <<{}, {}, {}>>

@!@!@ENDMSG 2217 @!@!@
@!@!@STARTMSG 2217:4 @!@!@
17: <Sync line 116, col 15 to line 124, col 53 of module LeaderElection>
/\ mailbox = <<{1, 2, 3}, {1, 2, 3}, {1, 2, 3}>>
/\ elected = <<TRUE, FALSE, FALSE>>
/\ round = <<1, 1, 1>>
/\ pc = <<"P", "Sync", "Sync">>
/\ leader = <<3, 0, 0>>
/\ recv = <<{}, {}, {}>>

@!@!@ENDMSG 2217 @!@!@
@!@!@STARTMSG 2217:4 @!@!@
18: <P line 95, col 12 to line 101, col 61 of module LeaderElection>
/\ mailbox = <<{1, 2, 3}, {1, 2, 3}, {1, 2, 3}>>
/\ elected = <<TRUE, FALSE, FALSE>>
/\ round = <<1, 1, 1>>
/\ pc = <<"Bcast", "Sync", "Sync">>
/\ leader = <<3, 0, 0>>
/\ recv = <<1..3, {}, {}>>

@!@!@ENDMSG 2217 @!@!@
@!@!@STARTMSG 2217:4 @!@!@
19: <Bcast line 103, col 16 to line 114, col 34 of module LeaderElection>
/\ mailbox = <<{1, 2, 3}, {1, 2, 3}, {1, 2, 3}>>
/\ elected = <<TRUE, FALSE, FALSE>>
/\ round = <<1, 1, 1>>
/\ pc = <<"Bcast", "Sync", "Sync">>
/\ leader = <<3, 0, 0>>
/\ recv = <<{2, 3}, {}, {}>>

@!@!@ENDMSG 2217 @!@!@
@!@!@STARTMSG 2217:4 @!@!@
20: <Bcast line 103, col 16 to line 114, col 34 of module LeaderElection>
/\ mailbox = <<{1, 2, 3}, {1, 2, 3}, {1, 2, 3}>>
/\ elected = <<TRUE, FALSE, FALSE>>
/\ round = <<1, 1, 1>>
/\ pc = <<"Bcast", "Sync", "Sync">>
/\ leader = <<3, 0, 0>>
/\ recv = <<{3}, {}, {}>>

@!@!@ENDMSG 2217 @!@!@
@!@!@STARTMSG 2217:4 @!@!@
21: <Bcast line 103, col 16 to line 114, col 34 of module LeaderElection>
/\ mailbox = <<{1, 2, 3}, {1, 2, 3}, {1, 2, 3}>>
/\ elected = <<TRUE, FALSE, FALSE>>
/\ round = <<1, 1, 1>>
/\ pc = <<"Bcast", "Sync", "Sync">>
/\ leader = <<3, 0, 0>>
/\ recv = <<{}, {}, {}>>

@!@!@ENDMSG 2217 @!@!@
@!@!@STARTMSG 2217:4 @!@!@
22: <Sync line 116, col 15 to line 124, col 53 of module LeaderElection>
/\ mailbox = <<{1, 2, 3}, {1, 2, 3}, {1, 2, 3}>>
/\ elected = <<TRUE, FALSE, TRUE>>
/\ round = <<1, 1, 1>>
/\ pc = <<"Bcast", "Sync", "P">>
/\ leader = <<3, 0, 3>>
/\ recv = <<{}, {}, {}>>

@!@!@ENDMSG 2217 @!@!@
@!@!@STARTMSG 2217:4 @!@!@
23: <Bcast line 103, col 16 to line 114, col 34 of module LeaderElection>
/\ mailbox = <<{1, 2, 3}, {1, 2, 3}, {1, 2, 3}>>
/\ elected = <<FALSE, FALSE, TRUE>>
/\ round = <<2, 1, 1>>
/\ pc = <<"Sync", "Sync", "P">>
/\ leader = <<3, 0, 3>>
/\ recv = <<{}, {}, {}>>

@!@!@ENDMSG 2217 @!@!@
@!@!@STARTMSG 2217:4 @!@!@
24: <P line 95, col 12 to line 101, col 61 of module LeaderElection>
/\ mailbox = <<{1, 2, 3}, {1, 2, 3}, {1, 2, 3}>>
/\ elected = <<FALSE, FALSE, TRUE>>
/\ round = <<2, 1, 1>>
/\ pc = <<"Sync", "Sync", "Bcast">>
/\ leader = <<3, 0, 3>>
/\ recv = <<{}, {}, 1..3>>

@!@!@ENDMSG 2217 @!@!@
@!@!@STARTMSG 2217:4 @!@!@
25: <Bcast line 103, col 16 to line 114, col 34 of module LeaderElection>
/\ mailbox = <<{1, 2, 3}, {1, 2, 3}, {1, 2, 3}>>
/\ elected = <<FALSE, FALSE, TRUE>>
/\ round = <<2, 1, 1>>
/\ pc = <<"Sync", "Sync", "Bcast">>
/\ leader = <<3, 0, 3>>
/\ recv = <<{}, {}, {2, 3}>>

@!@!@ENDMSG 2217 @!@!@
@!@!@STARTMSG 2217:4 @!@!@
26: <Bcast line 103, col 16 to line 114, col 34 of module LeaderElection>
/\ mailbox = <<{1, 2, 3}, {1, 2, 3}, {1, 2, 3}>>
/\ elected = <<FALSE, FALSE, TRUE>>
/\ round = <<2, 1, 1>>
/\ pc = <<"Sync", "Sync", "Bcast">>
/\ leader = <<3, 0, 3>>
/\ recv = <<{}, {}, {2}>>

@!@!@ENDMSG 2217 @!@!@
@!@!@STARTMSG 2217:4 @!@!@
27: <Bcast line 103, col 16 to line 114, col 34 of module LeaderElection>
/\ mailbox = <<{1, 2, 3}, {1, 2, 3}, {1, 2, 3}>>
/\ elected = <<FALSE, FALSE, TRUE>>
/\ round = <<2, 1, 1>>
/\ pc = <<"Sync", "Sync", "Bcast">>
/\ leader = <<3, 0, 3>>
/\ recv = <<{}, {}, {}>>

@!@!@ENDMSG 2217 @!@!@
@!@!@STARTMSG 2217:4 @!@!@
28: <Bcast line 103, col 16 to line 114, col 34 of module LeaderElection>
/\ mailbox = <<{1, 2, 3}, {1, 2, 3}, {1, 2, 3}>>
/\ elected = <<FALSE, FALSE, FALSE>>
/\ round = <<2, 1, 2>>
/\ pc = <<"Sync", "Sync", "Sync">>
/\ leader = <<3, 0, 3>>
/\ recv = <<{}, {}, {}>>

@!@!@ENDMSG 2217 @!@!@
@!@!@STARTMSG 2218:4 @!@!@
29: Stuttering
@!@!@ENDMSG 2218 @!@!@
@!@!@STARTMSG 2267:0 @!@!@
Finished checking temporal properties in 00s at 2021-05-15 15:13:02
@!@!@ENDMSG 2267 @!@!@
@!@!@STARTMSG 2201:0 @!@!@
The coverage statistics at 2021-05-15 15:13:02
@!@!@ENDMSG 2201 @!@!@
@!@!@STARTMSG 2773:0 @!@!@
<Init line 86, col 1 to line 86, col 4 of module LeaderElection>: 2:2
@!@!@ENDMSG 2773 @!@!@
@!@!@STARTMSG 2221:0 @!@!@
  line 87, col 9 to line 93, col 42 of module LeaderElection: 2
@!@!@ENDMSG 2221 @!@!@
@!@!@STARTMSG 2772:0 @!@!@
<P line 95, col 1 to line 95, col 7 of module LeaderElection>: 587:1816
@!@!@ENDMSG 2772 @!@!@
@!@!@STARTMSG 2221:0 @!@!@
  line 95, col 15 to line 95, col 28 of module LeaderElection: 21031
@!@!@ENDMSG 2221 @!@!@
@!@!@STARTMSG 2221:0 @!@!@
  |line 95, col 15 to line 95, col 22 of module LeaderElection: 19215
@!@!@ENDMSG 2221 @!@!@
@!@!@STARTMSG 2221:0 @!@!@
  line 96, col 18 to line 96, col 35 of module LeaderElection: 1816
@!@!@ENDMSG 2221 @!@!@
@!@!@STARTMSG 2221:0 @!@!@
  line 97, col 23 to line 98, col 60 of module LeaderElection: 1768
@!@!@ENDMSG 2221 @!@!@
@!@!@STARTMSG 2221:0 @!@!@
  line 99, col 23 to line 100, col 37 of module LeaderElection: 48
@!@!@ENDMSG 2221 @!@!@
@!@!@STARTMSG 2221:0 @!@!@
  line 101, col 15 to line 101, col 61 of module LeaderElection: 1816
@!@!@ENDMSG 2221 @!@!@
@!@!@STARTMSG 2772:0 @!@!@
<Bcast line 103, col 1 to line 103, col 11 of module LeaderElection>: 5366:22819
@!@!@ENDMSG 2772 @!@!@
@!@!@STARTMSG 2221:0 @!@!@
  line 103, col 19 to line 103, col 36 of module LeaderElection: 33251
@!@!@ENDMSG 2221 @!@!@
@!@!@STARTMSG 2221:0 @!@!@
  |line 103, col 19 to line 103, col 26 of module LeaderElection: 19210
@!@!@ENDMSG 2221 @!@!@
@!@!@STARTMSG 2221:0 @!@!@
  line 104, col 22 to line 104, col 36 of module LeaderElection: 14041
@!@!@ENDMSG 2221 @!@!@
@!@!@STARTMSG 2221:0 @!@!@
  line 106, col 32 to line 107, col 82 of module LeaderElection: 21061
@!@!@ENDMSG 2221 @!@!@
@!@!@STARTMSG 2221:0 @!@!@
  line 105, col 39 to line 105, col 48 of module LeaderElection: 12283
@!@!@ENDMSG 2221 @!@!@
@!@!@STARTMSG 2221:0 @!@!@
  line 108, col 30 to line 108, col 64 of module LeaderElection: 21061
@!@!@ENDMSG 2221 @!@!@
@!@!@STARTMSG 2221:0 @!@!@
  line 109, col 30 to line 109, col 59 of module LeaderElection: 21061
@!@!@ENDMSG 2221 @!@!@
@!@!@STARTMSG 2221:0 @!@!@
  line 110, col 30 to line 110, col 78 of module LeaderElection: 1758
@!@!@ENDMSG 2221 @!@!@
@!@!@STARTMSG 2221:0 @!@!@
  line 111, col 30 to line 111, col 72 of module LeaderElection: 1758
@!@!@ENDMSG 2221 @!@!@
@!@!@STARTMSG 2221:0 @!@!@
  line 112, col 30 to line 112, col 63 of module LeaderElection: 1758
@!@!@ENDMSG 2221 @!@!@
@!@!@STARTMSG 2221:0 @!@!@
  line 113, col 30 to line 113, col 58 of module LeaderElection: 1758
@!@!@ENDMSG 2221 @!@!@
@!@!@STARTMSG 2221:0 @!@!@
  line 114, col 19 to line 114, col 34 of module LeaderElection: 22819
@!@!@ENDMSG 2221 @!@!@
@!@!@STARTMSG 2772:0 @!@!@
<Sync line 116, col 1 to line 116, col 10 of module LeaderElection>: 407:1257
@!@!@ENDMSG 2772 @!@!@
@!@!@STARTMSG 2221:0 @!@!@
  line 116, col 18 to line 116, col 34 of module LeaderElection: 20447
@!@!@ENDMSG 2221 @!@!@
@!@!@STARTMSG 2221:0 @!@!@
  |line 116, col 18 to line 116, col 25 of module LeaderElection: 19190
@!@!@ENDMSG 2221 @!@!@
@!@!@STARTMSG 2221:0 @!@!@
  line 117, col 40 to line 117, col 63 of module LeaderElection: 10582
@!@!@ENDMSG 2221 @!@!@
@!@!@STARTMSG 2221:0 @!@!@
  |line 117, col 40 to line 117, col 49 of module LeaderElection: 6811
@!@!@ENDMSG 2221 @!@!@
@!@!@STARTMSG 2221:0 @!@!@
  |line 117, col 53 to line 117, col 63 of module LeaderElection: 6811
@!@!@ENDMSG 2221 @!@!@
@!@!@STARTMSG 2221:0 @!@!@
  line 117, col 29 to line 117, col 37 of module LeaderElection: 3262
@!@!@ENDMSG 2221 @!@!@
@!@!@STARTMSG 2221:0 @!@!@
  line 118, col 21 to line 118, col 61 of module LeaderElection: 1257
@!@!@ENDMSG 2221 @!@!@
@!@!@STARTMSG 2221:0 @!@!@
  |line 118, col 43 to line 118, col 61 of module LeaderElection: 2340
@!@!@ENDMSG 2221 @!@!@
@!@!@STARTMSG 2221:0 @!@!@
  |line 118, col 32 to line 118, col 40 of module LeaderElection: 1257
@!@!@ENDMSG 2221 @!@!@
@!@!@STARTMSG 2221:0 @!@!@
  line 119, col 29 to line 119, col 61 of module LeaderElection: 0
@!@!@ENDMSG 2221 @!@!@
@!@!@STARTMSG 2221:0 @!@!@
  line 120, col 29 to line 120, col 59 of module LeaderElection: 0
@!@!@ENDMSG 2221 @!@!@
@!@!@STARTMSG 2221:0 @!@!@
  line 121, col 29 to line 121, col 82 of module LeaderElection: 1257
@!@!@ENDMSG 2221 @!@!@
@!@!@STARTMSG 2221:0 @!@!@
  |line 121, col 39 to line 121, col 82 of module LeaderElection: 1257
@!@!@ENDMSG 2221 @!@!@
@!@!@STARTMSG 2221:0 @!@!@
  ||line 121, col 40 to line 121, col 45 of module LeaderElection: 1257
@!@!@ENDMSG 2221 @!@!@
@!@!@STARTMSG 2221:0 @!@!@
  ||line 121, col 54 to line 121, col 81 of module LeaderElection: 1257
@!@!@ENDMSG 2221 @!@!@
@!@!@STARTMSG 2221:0 @!@!@
  ||line 121, col 64 to line 121, col 81 of module LeaderElection: 1257
@!@!@ENDMSG 2221 @!@!@
@!@!@STARTMSG 2221:0 @!@!@
  |||line 78, col 11 to line 78, col 44 of module LeaderElection: 1257
@!@!@ENDMSG 2221 @!@!@
@!@!@STARTMSG 2221:0 @!@!@
  ||||line 78, col 27 to line 78, col 44 of module LeaderElection: 3771
@!@!@ENDMSG 2221 @!@!@
@!@!@STARTMSG 2221:0 @!@!@
  |||||line 78, col 39 to line 78, col 44 of module LeaderElection: 10056
@!@!@ENDMSG 2221 @!@!@
@!@!@STARTMSG 2221:0 @!@!@
  |||||line 78, col 36 to line 78, col 36 of module LeaderElection: 3771
@!@!@ENDMSG 2221 @!@!@
@!@!@STARTMSG 2221:0 @!@!@
  ||||line 78, col 24 to line 78, col 24 of module LeaderElection: 1257
@!@!@ENDMSG 2221 @!@!@
@!@!@STARTMSG 2221:0 @!@!@
  |||line 121, col 68 to line 121, col 80 of module LeaderElection: 1257
@!@!@ENDMSG 2221 @!@!@
@!@!@STARTMSG 2221:0 @!@!@
  line 122, col 29 to line 122, col 70 of module LeaderElection: 1257
@!@!@ENDMSG 2221 @!@!@
@!@!@STARTMSG 2221:0 @!@!@
  line 123, col 29 to line 123, col 59 of module LeaderElection: 1257
@!@!@ENDMSG 2221 @!@!@
@!@!@STARTMSG 2221:0 @!@!@
  line 124, col 18 to line 124, col 53 of module LeaderElection: 1257
@!@!@ENDMSG 2221 @!@!@
@!@!@STARTMSG 2772:0 @!@!@
<End line 126, col 1 to line 126, col 9 of module LeaderElection>: 22:48
@!@!@ENDMSG 2772 @!@!@
@!@!@STARTMSG 2221:0 @!@!@
  line 126, col 17 to line 126, col 32 of module LeaderElection: 19236
@!@!@ENDMSG 2221 @!@!@
@!@!@STARTMSG 2221:0 @!@!@
  |line 126, col 17 to line 126, col 24 of module LeaderElection: 19188
@!@!@ENDMSG 2221 @!@!@
@!@!@STARTMSG 2221:0 @!@!@
  line 127, col 17 to line 127, col 20 of module LeaderElection: 48
@!@!@ENDMSG 2221 @!@!@
@!@!@STARTMSG 2221:0 @!@!@
  line 128, col 17 to line 128, col 50 of module LeaderElection: 48
@!@!@ENDMSG 2221 @!@!@
@!@!@STARTMSG 2221:0 @!@!@
  line 129, col 17 to line 129, col 69 of module LeaderElection: 48
@!@!@ENDMSG 2221 @!@!@
@!@!@STARTMSG 2772:0 @!@!@
<Terminating line 134, col 1 to line 134, col 11 of module LeaderElection>: 0:1
@!@!@ENDMSG 2772 @!@!@
@!@!@STARTMSG 2221:0 @!@!@
  line 134, col 40 to line 134, col 56 of module LeaderElection: 6410
@!@!@ENDMSG 2221 @!@!@
@!@!@STARTMSG 2221:0 @!@!@
  |line 134, col 40 to line 134, col 47 of module LeaderElection: 6407
@!@!@ENDMSG 2221 @!@!@
@!@!@STARTMSG 2221:0 @!@!@
  line 134, col 31 to line 134, col 37 of module LeaderElection: 6387
@!@!@ENDMSG 2221 @!@!@
@!@!@STARTMSG 2221:0 @!@!@
  line 135, col 19 to line 135, col 32 of module LeaderElection: 1
@!@!@ENDMSG 2221 @!@!@
@!@!@STARTMSG 2202:0 @!@!@
End of statistics.
@!@!@ENDMSG 2202 @!@!@
@!@!@STARTMSG 2200:0 @!@!@
Progress(97) at 2021-05-15 15:13:02: 25,874 states generated (569,493 s/min), 6,383 distinct states found (140,491 ds/min), 0 states left on queue.
@!@!@ENDMSG 2200 @!@!@
@!@!@STARTMSG 2199:0 @!@!@
25874 states generated, 6383 distinct states found, 0 states left on queue.
@!@!@ENDMSG 2199 @!@!@
@!@!@STARTMSG 2186:0 @!@!@
Finished in 2731ms at (2021-05-15 15:13:02)
@!@!@ENDMSG 2186 @!@!@
