@!@!@STARTMSG 2262:0 @!@!@
TLC2 Version 2.16 of 31 December 2020 (rev: cdddf55)
@!@!@ENDMSG 2262 @!@!@
@!@!@STARTMSG 2187:0 @!@!@
Running breadth-first search Model-Checking with fp 54 and seed 3749265800966692485 with 6 workers on 12 cores with 1214MB heap and 2730MB offheap memory [pid: 19182] (Mac OS X 10.16 x86_64, AdoptOpenJDK 14.0.1 x86_64, OffHeapDiskFPSet, DiskStateQueue).
@!@!@ENDMSG 2187 @!@!@
@!@!@STARTMSG 2220:0 @!@!@
Starting SANY...
@!@!@ENDMSG 2220 @!@!@
Parsing file /Users/wangweiran/Desktop/ID2203 Distributed System, Advanced Course/project/Weiran's Code/LeaderElectionCrash.toolbox/Model/MC.tla
Parsing file /Users/wangweiran/Desktop/ID2203 Distributed System, Advanced Course/project/Weiran's Code/LeaderElectionCrash.toolbox/Model/LeaderElectionCrash.tla
Parsing file /Applications/TLA+ Toolbox.app/Contents/Eclipse/plugins/org.lamport.tlatools_1.0.0.202012311918/tla2sany/StandardModules/TLC.tla
Parsing file /Applications/TLA+ Toolbox.app/Contents/Eclipse/plugins/org.lamport.tlatools_1.0.0.202012311918/tla2sany/StandardModules/Integers.tla
Parsing file /Applications/TLA+ Toolbox.app/Contents/Eclipse/plugins/org.lamport.tlatools_1.0.0.202012311918/tla2sany/StandardModules/Sequences.tla
Parsing file /Applications/TLA+ Toolbox.app/Contents/Eclipse/plugins/org.lamport.tlatools_1.0.0.202012311918/tla2sany/StandardModules/FiniteSets.tla
Parsing file /Applications/TLA+ Toolbox.app/Contents/Eclipse/plugins/org.lamport.tlatools_1.0.0.202012311918/tla2sany/StandardModules/Naturals.tla
Semantic processing of module Naturals
Semantic processing of module Integers
Semantic processing of module Sequences
Semantic processing of module FiniteSets
Semantic processing of module TLC
Semantic processing of module LeaderElectionCrash
Semantic processing of module MC
@!@!@STARTMSG 2219:0 @!@!@
SANY finished.
@!@!@ENDMSG 2219 @!@!@
@!@!@STARTMSG 2185:0 @!@!@
Starting... (2021-05-16 16:23:50)
@!@!@ENDMSG 2185 @!@!@
@!@!@STARTMSG 2212:0 @!@!@
Implied-temporal checking--satisfiability problem has 1 branches.
@!@!@ENDMSG 2212 @!@!@
@!@!@STARTMSG 2189:0 @!@!@
Computing initial states...
@!@!@ENDMSG 2189 @!@!@
@!@!@STARTMSG 2190:0 @!@!@
Finished computing initial states: 1 distinct state generated at 2021-05-16 16:23:50.
@!@!@ENDMSG 2190 @!@!@
@!@!@STARTMSG 2192:0 @!@!@
Checking temporal properties for the current state space with 48225 total distinct states at (2021-05-16 16:23:53)
@!@!@ENDMSG 2192 @!@!@
@!@!@STARTMSG 2267:0 @!@!@
Finished checking temporal properties in 00s at 2021-05-16 16:23:53
@!@!@ENDMSG 2267 @!@!@
@!@!@STARTMSG 2200:0 @!@!@
Progress(15) at 2021-05-16 16:23:53: 217,563 states generated (217,563 s/min), 62,602 distinct states found (62,602 ds/min), 14,376 states left on queue.
@!@!@ENDMSG 2200 @!@!@
@!@!@STARTMSG 2110:1 @!@!@
Invariant Agreement is violated.
@!@!@ENDMSG 2110 @!@!@
@!@!@STARTMSG 2121:1 @!@!@
The behavior up to this point is:
@!@!@ENDMSG 2121 @!@!@
@!@!@STARTMSG 2217:4 @!@!@
1: <Initial predicate>
/\ mailbox = <<{}, {}, {}>>
/\ elected = <<FALSE, FALSE, FALSE>>
/\ alive = <<TRUE, TRUE, TRUE>>
/\ f = 2
/\ round = <<0, 0, 0>>
/\ pc = <<"P", "P", "P">>
/\ leader = <<0, 0, 0>>
/\ recv = <<{}, {}, {}>>

@!@!@ENDMSG 2217 @!@!@
@!@!@STARTMSG 2217:4 @!@!@
2: <P line 87, col 12 to line 93, col 71 of module LeaderElectionCrash>
/\ mailbox = <<{}, {}, {}>>
/\ elected = <<FALSE, FALSE, FALSE>>
/\ alive = <<TRUE, TRUE, TRUE>>
/\ f = 2
/\ round = <<0, 0, 0>>
/\ pc = <<"P", "Bcast", "P">>
/\ leader = <<0, 0, 0>>
/\ recv = <<{}, 1..3, {}>>

@!@!@ENDMSG 2217 @!@!@
@!@!@STARTMSG 2217:4 @!@!@
3: <P line 87, col 12 to line 93, col 71 of module LeaderElectionCrash>
/\ mailbox = <<{}, {}, {}>>
/\ elected = <<FALSE, FALSE, FALSE>>
/\ alive = <<TRUE, TRUE, TRUE>>
/\ f = 2
/\ round = <<0, 0, 0>>
/\ pc = <<"Bcast", "Bcast", "P">>
/\ leader = <<0, 0, 0>>
/\ recv = <<1..3, 1..3, {}>>

@!@!@ENDMSG 2217 @!@!@
@!@!@STARTMSG 2217:4 @!@!@
4: <Bcast line 95, col 16 to line 113, col 34 of module LeaderElectionCrash>
/\ mailbox = <<{1}, {}, {}>>
/\ elected = <<FALSE, FALSE, FALSE>>
/\ alive = <<TRUE, TRUE, TRUE>>
/\ f = 2
/\ round = <<0, 0, 0>>
/\ pc = <<"Bcast", "Bcast", "P">>
/\ leader = <<0, 0, 0>>
/\ recv = <<{2, 3}, 1..3, {}>>

@!@!@ENDMSG 2217 @!@!@
@!@!@STARTMSG 2217:4 @!@!@
5: <Bcast line 95, col 16 to line 113, col 34 of module LeaderElectionCrash>
/\ mailbox = <<{1}, {1}, {}>>
/\ elected = <<FALSE, FALSE, FALSE>>
/\ alive = <<TRUE, TRUE, TRUE>>
/\ f = 2
/\ round = <<0, 0, 0>>
/\ pc = <<"Bcast", "Bcast", "P">>
/\ leader = <<0, 0, 0>>
/\ recv = <<{3}, 1..3, {}>>

@!@!@ENDMSG 2217 @!@!@
@!@!@STARTMSG 2217:4 @!@!@
6: <Bcast line 95, col 16 to line 113, col 34 of module LeaderElectionCrash>
/\ mailbox = <<{1}, {1}, {1}>>
/\ elected = <<FALSE, FALSE, FALSE>>
/\ alive = <<TRUE, TRUE, TRUE>>
/\ f = 2
/\ round = <<0, 0, 0>>
/\ pc = <<"Bcast", "Bcast", "P">>
/\ leader = <<0, 0, 0>>
/\ recv = <<{}, 1..3, {}>>

@!@!@ENDMSG 2217 @!@!@
@!@!@STARTMSG 2217:4 @!@!@
7: <Bcast line 95, col 16 to line 113, col 34 of module LeaderElectionCrash>
/\ mailbox = <<{1}, {1}, {1}>>
/\ elected = <<FALSE, FALSE, FALSE>>
/\ alive = <<TRUE, TRUE, TRUE>>
/\ f = 2
/\ round = <<1, 0, 0>>
/\ pc = <<"Sync", "Bcast", "P">>
/\ leader = <<0, 0, 0>>
/\ recv = <<{}, 1..3, {}>>

@!@!@ENDMSG 2217 @!@!@
@!@!@STARTMSG 2217:4 @!@!@
8: <Bcast line 95, col 16 to line 113, col 34 of module LeaderElectionCrash>
/\ mailbox = <<{1, 2}, {1}, {1}>>
/\ elected = <<FALSE, FALSE, FALSE>>
/\ alive = <<TRUE, TRUE, TRUE>>
/\ f = 2
/\ round = <<1, 0, 0>>
/\ pc = <<"Sync", "Bcast", "P">>
/\ leader = <<0, 0, 0>>
/\ recv = <<{}, {2, 3}, {}>>

@!@!@ENDMSG 2217 @!@!@
@!@!@STARTMSG 2217:4 @!@!@
9: <Bcast line 95, col 16 to line 113, col 34 of module LeaderElectionCrash>
/\ mailbox = <<{1, 2}, {1, 2}, {1}>>
/\ elected = <<FALSE, FALSE, FALSE>>
/\ alive = <<TRUE, TRUE, TRUE>>
/\ f = 2
/\ round = <<1, 0, 0>>
/\ pc = <<"Sync", "Bcast", "P">>
/\ leader = <<0, 0, 0>>
/\ recv = <<{}, {3}, {}>>

@!@!@ENDMSG 2217 @!@!@
@!@!@STARTMSG 2217:4 @!@!@
10: <Bcast line 95, col 16 to line 113, col 34 of module LeaderElectionCrash>
/\ mailbox = <<{1, 2}, {1, 2}, {1, 2}>>
/\ elected = <<FALSE, FALSE, FALSE>>
/\ alive = <<TRUE, TRUE, TRUE>>
/\ f = 2
/\ round = <<1, 0, 0>>
/\ pc = <<"Sync", "Bcast", "P">>
/\ leader = <<0, 0, 0>>
/\ recv = <<{}, {}, {}>>

@!@!@ENDMSG 2217 @!@!@
@!@!@STARTMSG 2217:4 @!@!@
11: <Bcast line 95, col 16 to line 113, col 34 of module LeaderElectionCrash>
/\ mailbox = <<{1, 2}, {1, 2}, {1, 2}>>
/\ elected = <<FALSE, FALSE, FALSE>>
/\ alive = <<TRUE, TRUE, TRUE>>
/\ f = 2
/\ round = <<1, 1, 0>>
/\ pc = <<"Sync", "Sync", "P">>
/\ leader = <<0, 0, 0>>
/\ recv = <<{}, {}, {}>>

@!@!@ENDMSG 2217 @!@!@
@!@!@STARTMSG 2217:4 @!@!@
12: <P line 87, col 12 to line 93, col 71 of module LeaderElectionCrash>
/\ mailbox = <<{1, 2}, {1, 2}, {1, 2}>>
/\ elected = <<FALSE, FALSE, FALSE>>
/\ alive = <<TRUE, TRUE, TRUE>>
/\ f = 2
/\ round = <<1, 1, 0>>
/\ pc = <<"Sync", "Sync", "Bcast">>
/\ leader = <<0, 0, 0>>
/\ recv = <<{}, {}, 1..3>>

@!@!@ENDMSG 2217 @!@!@
@!@!@STARTMSG 2217:4 @!@!@
13: <Bcast line 95, col 16 to line 113, col 34 of module LeaderElectionCrash>
/\ mailbox = <<{1, 2, 3}, {1, 2}, {1, 2}>>
/\ elected = <<FALSE, FALSE, FALSE>>
/\ alive = <<TRUE, TRUE, TRUE>>
/\ f = 2
/\ round = <<1, 1, 0>>
/\ pc = <<"Sync", "Sync", "Bcast">>
/\ leader = <<0, 0, 0>>
/\ recv = <<{}, {}, {2, 3}>>

@!@!@ENDMSG 2217 @!@!@
@!@!@STARTMSG 2217:4 @!@!@
14: <Bcast line 95, col 16 to line 113, col 34 of module LeaderElectionCrash>
/\ mailbox = <<{1, 2, 3}, {1, 2, 3}, {1, 2}>>
/\ elected = <<FALSE, FALSE, FALSE>>
/\ alive = <<TRUE, TRUE, TRUE>>
/\ f = 2
/\ round = <<1, 1, 0>>
/\ pc = <<"Sync", "Sync", "Bcast">>
/\ leader = <<0, 0, 0>>
/\ recv = <<{}, {}, {3}>>

@!@!@ENDMSG 2217 @!@!@
@!@!@STARTMSG 2217:4 @!@!@
15: <Bcast line 95, col 16 to line 113, col 34 of module LeaderElectionCrash>
/\ mailbox = <<{1, 2, 3}, {1, 2, 3}, {1, 2, 3}>>
/\ elected = <<FALSE, FALSE, FALSE>>
/\ alive = <<TRUE, TRUE, TRUE>>
/\ f = 2
/\ round = <<1, 1, 0>>
/\ pc = <<"Sync", "Sync", "Bcast">>
/\ leader = <<0, 0, 0>>
/\ recv = <<{}, {}, {}>>

@!@!@ENDMSG 2217 @!@!@
@!@!@STARTMSG 2217:4 @!@!@
16: <Bcast line 95, col 16 to line 113, col 34 of module LeaderElectionCrash>
/\ mailbox = <<{1, 2, 3}, {1, 2, 3}, {1, 2, 3}>>
/\ elected = <<FALSE, FALSE, FALSE>>
/\ alive = <<TRUE, TRUE, TRUE>>
/\ f = 2
/\ round = <<1, 1, 1>>
/\ pc = <<"Sync", "Sync", "Sync">>
/\ leader = <<0, 0, 0>>
/\ recv = <<{}, {}, {}>>

@!@!@ENDMSG 2217 @!@!@
@!@!@STARTMSG 2217:4 @!@!@
17: <Sync line 115, col 15 to line 124, col 54 of module LeaderElectionCrash>
/\ mailbox = <<{1, 2, 3}, {1, 2, 3}, {1, 2, 3}>>
/\ elected = <<TRUE, FALSE, FALSE>>
/\ alive = <<TRUE, TRUE, TRUE>>
/\ f = 2
/\ round = <<1, 1, 1>>
/\ pc = <<"P", "Sync", "Sync">>
/\ leader = <<3, 0, 0>>
/\ recv = <<{}, {}, {}>>

@!@!@ENDMSG 2217 @!@!@
@!@!@STARTMSG 2217:4 @!@!@
18: <Sync line 115, col 15 to line 124, col 54 of module LeaderElectionCrash>
/\ mailbox = <<{1, 2, 3}, {1, 2, 3}, {1, 2, 3}>>
/\ elected = <<TRUE, FALSE, TRUE>>
/\ alive = <<TRUE, TRUE, TRUE>>
/\ f = 2
/\ round = <<1, 1, 1>>
/\ pc = <<"P", "Sync", "P">>
/\ leader = <<3, 0, 3>>
/\ recv = <<{}, {}, {}>>

@!@!@ENDMSG 2217 @!@!@
@!@!@STARTMSG 2217:4 @!@!@
19: <P line 87, col 12 to line 93, col 71 of module LeaderElectionCrash>
/\ mailbox = <<{1, 2, 3}, {1, 2, 3}, {1, 2, 3}>>
/\ elected = <<TRUE, FALSE, TRUE>>
/\ alive = <<TRUE, TRUE, TRUE>>
/\ f = 2
/\ round = <<1, 1, 1>>
/\ pc = <<"P", "Sync", "Bcast">>
/\ leader = <<3, 0, 3>>
/\ recv = <<{}, {}, 1..3>>

@!@!@ENDMSG 2217 @!@!@
@!@!@STARTMSG 2217:4 @!@!@
20: <Bcast line 95, col 16 to line 113, col 34 of module LeaderElectionCrash>
/\ mailbox = <<{1, 2, 3}, {1, 2, 3}, {1, 2, 3}>>
/\ elected = <<TRUE, FALSE, TRUE>>
/\ alive = <<TRUE, TRUE, FALSE>>
/\ f = 1
/\ round = <<1, 1, 1>>
/\ pc = <<"P", "Sync", "Bcast">>
/\ leader = <<3, 0, 3>>
/\ recv = <<{}, {}, {2, 3}>>

@!@!@ENDMSG 2217 @!@!@
@!@!@STARTMSG 2217:4 @!@!@
21: <Sync line 115, col 15 to line 124, col 54 of module LeaderElectionCrash>
/\ mailbox = <<{1, 2, 3}, {1, 2}, {1, 2, 3}>>
/\ elected = <<TRUE, TRUE, TRUE>>
/\ alive = <<TRUE, TRUE, FALSE>>
/\ f = 1
/\ round = <<1, 1, 1>>
/\ pc = <<"P", "P", "Bcast">>
/\ leader = <<3, 2, 3>>
/\ recv = <<{}, {}, {2, 3}>>

@!@!@ENDMSG 2217 @!@!@
@!@!@STARTMSG 2201:0 @!@!@
The coverage statistics at 2021-05-16 16:23:55
@!@!@ENDMSG 2201 @!@!@
@!@!@STARTMSG 2773:0 @!@!@
<Init line 76, col 1 to line 76, col 4 of module LeaderElectionCrash>: 2:2
@!@!@ENDMSG 2773 @!@!@
@!@!@STARTMSG 2221:0 @!@!@
  line 77, col 9 to line 85, col 42 of module LeaderElectionCrash: 2
@!@!@ENDMSG 2221 @!@!@
@!@!@STARTMSG 2772:0 @!@!@
<P line 87, col 1 to line 87, col 7 of module LeaderElectionCrash>: 37809:106583
@!@!@ENDMSG 2772 @!@!@
@!@!@STARTMSG 2221:0 @!@!@
  line 87, col 15 to line 87, col 28 of module LeaderElectionCrash: 590675
@!@!@ENDMSG 2221 @!@!@
@!@!@STARTMSG 2221:0 @!@!@
  |line 87, col 15 to line 87, col 22 of module LeaderElectionCrash: 484092
@!@!@ENDMSG 2221 @!@!@
@!@!@STARTMSG 2221:0 @!@!@
  line 88, col 18 to line 88, col 35 of module LeaderElectionCrash: 106583
@!@!@ENDMSG 2221 @!@!@
@!@!@STARTMSG 2221:0 @!@!@
  line 89, col 23 to line 90, col 60 of module LeaderElectionCrash: 103150
@!@!@ENDMSG 2221 @!@!@
@!@!@STARTMSG 2221:0 @!@!@
  line 91, col 23 to line 92, col 37 of module LeaderElectionCrash: 3433
@!@!@ENDMSG 2221 @!@!@
@!@!@STARTMSG 2221:0 @!@!@
  line 93, col 15 to line 93, col 71 of module LeaderElectionCrash: 106583
@!@!@ENDMSG 2221 @!@!@
@!@!@STARTMSG 2772:0 @!@!@
<Bcast line 95, col 1 to line 95, col 11 of module LeaderElectionCrash>: 117062:439190
@!@!@ENDMSG 2772 @!@!@
@!@!@STARTMSG 2221:0 @!@!@
  line 95, col 19 to line 95, col 36 of module LeaderElectionCrash: 748257
@!@!@ENDMSG 2221 @!@!@
@!@!@STARTMSG 2221:0 @!@!@
  |line 95, col 19 to line 95, col 26 of module LeaderElectionCrash: 484088
@!@!@ENDMSG 2221 @!@!@
@!@!@STARTMSG 2221:0 @!@!@
  line 96, col 22 to line 96, col 51 of module LeaderElectionCrash: 264169
@!@!@ENDMSG 2221 @!@!@
@!@!@STARTMSG 2221:0 @!@!@
  |line 96, col 22 to line 96, col 32 of module LeaderElectionCrash: 264169
@!@!@ENDMSG 2221 @!@!@
@!@!@STARTMSG 2221:0 @!@!@
  |line 96, col 37 to line 96, col 51 of module LeaderElectionCrash: 147128
@!@!@ENDMSG 2221 @!@!@
@!@!@STARTMSG 2221:0 @!@!@
  line 98, col 35 to line 98, col 93 of module LeaderElectionCrash: 239928
@!@!@ENDMSG 2221 @!@!@
@!@!@STARTMSG 2221:0 @!@!@
  line 99, col 35 to line 99, col 82 of module LeaderElectionCrash: 239928
@!@!@ENDMSG 2221 @!@!@
@!@!@STARTMSG 2221:0 @!@!@
  line 100, col 38 to line 100, col 79 of module LeaderElectionCrash: 239928
@!@!@ENDMSG 2221 @!@!@
@!@!@STARTMSG 2221:0 @!@!@
  |line 100, col 38 to line 100, col 55 of module LeaderElectionCrash: 239928
@!@!@ENDMSG 2221 @!@!@
@!@!@STARTMSG 2221:0 @!@!@
  ||line 100, col 38 to line 100, col 40 of module LeaderElectionCrash: 239928
@!@!@ENDMSG 2221 @!@!@
@!@!@STARTMSG 2221:0 @!@!@
  ||line 100, col 45 to line 100, col 55 of module LeaderElectionCrash: 68268
@!@!@ENDMSG 2221 @!@!@
@!@!@STARTMSG 2221:0 @!@!@
  |line 100, col 60 to line 100, col 79 of module LeaderElectionCrash: 68268
@!@!@ENDMSG 2221 @!@!@
@!@!@STARTMSG 2221:0 @!@!@
  line 101, col 49 to line 102, col 59 of module LeaderElectionCrash: 68268
@!@!@ENDMSG 2221 @!@!@
@!@!@STARTMSG 2221:0 @!@!@
  line 103, col 52 to line 103, col 55 of module LeaderElectionCrash: 68268
@!@!@ENDMSG 2221 @!@!@
@!@!@STARTMSG 2221:0 @!@!@
  line 104, col 52 to line 104, col 73 of module LeaderElectionCrash: 68268
@!@!@ENDMSG 2221 @!@!@
@!@!@STARTMSG 2221:0 @!@!@
  line 105, col 46 to line 105, col 49 of module LeaderElectionCrash: 171660
@!@!@ENDMSG 2221 @!@!@
@!@!@STARTMSG 2221:0 @!@!@
  line 106, col 46 to line 106, col 69 of module LeaderElectionCrash: 171660
@!@!@ENDMSG 2221 @!@!@
@!@!@STARTMSG 2221:0 @!@!@
  line 97, col 39 to line 97, col 48 of module LeaderElectionCrash: 133175
@!@!@ENDMSG 2221 @!@!@
@!@!@STARTMSG 2221:0 @!@!@
  line 107, col 30 to line 107, col 64 of module LeaderElectionCrash: 308196
@!@!@ENDMSG 2221 @!@!@
@!@!@STARTMSG 2221:0 @!@!@
  line 108, col 30 to line 108, col 59 of module LeaderElectionCrash: 308196
@!@!@ENDMSG 2221 @!@!@
@!@!@STARTMSG 2221:0 @!@!@
  line 109, col 30 to line 109, col 78 of module LeaderElectionCrash: 130994
@!@!@ENDMSG 2221 @!@!@
@!@!@STARTMSG 2221:0 @!@!@
  line 110, col 30 to line 110, col 72 of module LeaderElectionCrash: 130994
@!@!@ENDMSG 2221 @!@!@
@!@!@STARTMSG 2221:0 @!@!@
  line 111, col 30 to line 111, col 63 of module LeaderElectionCrash: 130994
@!@!@ENDMSG 2221 @!@!@
@!@!@STARTMSG 2221:0 @!@!@
  line 112, col 30 to line 112, col 68 of module LeaderElectionCrash: 130994
@!@!@ENDMSG 2221 @!@!@
@!@!@STARTMSG 2221:0 @!@!@
  line 113, col 19 to line 113, col 34 of module LeaderElectionCrash: 439190
@!@!@ENDMSG 2221 @!@!@
@!@!@STARTMSG 2772:0 @!@!@
<Sync line 115, col 1 to line 115, col 10 of module LeaderElectionCrash>: 40064:107812
@!@!@ENDMSG 2772 @!@!@
@!@!@STARTMSG 2221:0 @!@!@
  line 115, col 18 to line 115, col 34 of module LeaderElectionCrash: 591881
@!@!@ENDMSG 2221 @!@!@
@!@!@STARTMSG 2221:0 @!@!@
  |line 115, col 18 to line 115, col 25 of module LeaderElectionCrash: 484075
@!@!@ENDMSG 2221 @!@!@
@!@!@STARTMSG 2221:0 @!@!@
  line 116, col 21 to line 116, col 31 of module LeaderElectionCrash: 111664
@!@!@ENDMSG 2221 @!@!@
@!@!@STARTMSG 2221:0 @!@!@
  line 117, col 51 to line 117, col 89 of module LeaderElectionCrash: 20470
@!@!@ENDMSG 2221 @!@!@
@!@!@STARTMSG 2221:0 @!@!@
  |line 117, col 51 to line 117, col 60 of module LeaderElectionCrash: 40973
@!@!@ENDMSG 2221 @!@!@
@!@!@STARTMSG 2221:0 @!@!@
  |line 117, col 65 to line 117, col 89 of module LeaderElectionCrash: 12914
@!@!@ENDMSG 2221 @!@!@
@!@!@STARTMSG 2221:0 @!@!@
  ||line 117, col 65 to line 117, col 74 of module LeaderElectionCrash: 18712
@!@!@ENDMSG 2221 @!@!@
@!@!@STARTMSG 2221:0 @!@!@
  ||line 117, col 79 to line 117, col 89 of module LeaderElectionCrash: 18712
@!@!@ENDMSG 2221 @!@!@
@!@!@STARTMSG 2221:0 @!@!@
  line 117, col 40 to line 117, col 48 of module LeaderElectionCrash: 14986
@!@!@ENDMSG 2221 @!@!@
@!@!@STARTMSG 2221:0 @!@!@
  line 118, col 29 to line 118, col 104 of module LeaderElectionCrash: 11128
@!@!@ENDMSG 2221 @!@!@
@!@!@STARTMSG 2221:0 @!@!@
  |line 118, col 40 to line 118, col 104 of module LeaderElectionCrash: 11134
@!@!@ENDMSG 2221 @!@!@
@!@!@STARTMSG 2221:0 @!@!@
  ||line 118, col 41 to line 118, col 47 of module LeaderElectionCrash: 11134
@!@!@ENDMSG 2221 @!@!@
@!@!@STARTMSG 2221:0 @!@!@
  ||line 118, col 56 to line 118, col 103 of module LeaderElectionCrash: 11134
@!@!@ENDMSG 2221 @!@!@
@!@!@STARTMSG 2775:0 @!@!@
  ||line 118, col 66 to line 118, col 103 of module LeaderElectionCrash: 11134:84756
@!@!@ENDMSG 2775 @!@!@
@!@!@STARTMSG 2221:0 @!@!@
  |||line 118, col 88 to line 118, col 102 of module LeaderElectionCrash: 23787
@!@!@ENDMSG 2221 @!@!@
@!@!@STARTMSG 2221:0 @!@!@
  |||line 118, col 73 to line 118, col 85 of module LeaderElectionCrash: 11134
@!@!@ENDMSG 2221 @!@!@
@!@!@STARTMSG 2221:0 @!@!@
  line 119, col 29 to line 119, col 83 of module LeaderElectionCrash: 11128
@!@!@ENDMSG 2221 @!@!@
@!@!@STARTMSG 2221:0 @!@!@
  |line 119, col 39 to line 119, col 83 of module LeaderElectionCrash: 11134
@!@!@ENDMSG 2221 @!@!@
@!@!@STARTMSG 2221:0 @!@!@
  ||line 119, col 40 to line 119, col 45 of module LeaderElectionCrash: 11134
@!@!@ENDMSG 2221 @!@!@
@!@!@STARTMSG 2221:0 @!@!@
  ||line 119, col 54 to line 119, col 82 of module LeaderElectionCrash: 11134
@!@!@ENDMSG 2221 @!@!@
@!@!@STARTMSG 2221:0 @!@!@
  ||line 119, col 64 to line 119, col 82 of module LeaderElectionCrash: 11134
@!@!@ENDMSG 2221 @!@!@
@!@!@STARTMSG 2221:0 @!@!@
  |||line 68, col 11 to line 68, col 44 of module LeaderElectionCrash: 11134
@!@!@ENDMSG 2221 @!@!@
@!@!@STARTMSG 2221:0 @!@!@
  ||||line 68, col 27 to line 68, col 44 of module LeaderElectionCrash: 12926
@!@!@ENDMSG 2221 @!@!@
@!@!@STARTMSG 2221:0 @!@!@
  |||||line 68, col 39 to line 68, col 44 of module LeaderElectionCrash: 16589
@!@!@ENDMSG 2221 @!@!@
@!@!@STARTMSG 2221:0 @!@!@
  |||||line 68, col 36 to line 68, col 36 of module LeaderElectionCrash: 12926
@!@!@ENDMSG 2221 @!@!@
@!@!@STARTMSG 2221:0 @!@!@
  ||||line 68, col 24 to line 68, col 24 of module LeaderElectionCrash: 11134
@!@!@ENDMSG 2221 @!@!@
@!@!@STARTMSG 2221:0 @!@!@
  |||line 119, col 68 to line 119, col 81 of module LeaderElectionCrash: 24060
@!@!@ENDMSG 2221 @!@!@
@!@!@STARTMSG 2221:0 @!@!@
  line 120, col 29 to line 120, col 70 of module LeaderElectionCrash: 11128
@!@!@ENDMSG 2221 @!@!@
@!@!@STARTMSG 2221:0 @!@!@
  |line 120, col 40 to line 120, col 70 of module LeaderElectionCrash: 11134
@!@!@ENDMSG 2221 @!@!@
@!@!@STARTMSG 2221:0 @!@!@
  line 121, col 29 to line 121, col 32 of module LeaderElectionCrash: 96678
@!@!@ENDMSG 2221 @!@!@
@!@!@STARTMSG 2221:0 @!@!@
  line 122, col 29 to line 122, col 68 of module LeaderElectionCrash: 96678
@!@!@ENDMSG 2221 @!@!@
@!@!@STARTMSG 2221:0 @!@!@
  line 123, col 18 to line 123, col 48 of module LeaderElectionCrash: 107806
@!@!@ENDMSG 2221 @!@!@
@!@!@STARTMSG 2221:0 @!@!@
  |line 123, col 24 to line 123, col 48 of module LeaderElectionCrash: 107812
@!@!@ENDMSG 2221 @!@!@
@!@!@STARTMSG 2221:0 @!@!@
  line 124, col 18 to line 124, col 54 of module LeaderElectionCrash: 107806
@!@!@ENDMSG 2221 @!@!@
@!@!@STARTMSG 2772:0 @!@!@
<Terminating line 129, col 1 to line 129, col 11 of module LeaderElectionCrash>: 0:0
@!@!@ENDMSG 2772 @!@!@
@!@!@STARTMSG 2221:0 @!@!@
  line 129, col 40 to line 129, col 56 of module LeaderElectionCrash: 162000
@!@!@ENDMSG 2221 @!@!@
@!@!@STARTMSG 2221:0 @!@!@
  line 129, col 31 to line 129, col 37 of module LeaderElectionCrash: 161347
@!@!@ENDMSG 2221 @!@!@
@!@!@STARTMSG 2221:0 @!@!@
  line 130, col 19 to line 130, col 32 of module LeaderElectionCrash: 0
@!@!@ENDMSG 2221 @!@!@
@!@!@STARTMSG 2774:0 @!@!@
<Agreement line 143, col 1 to line 143, col 9 of module LeaderElectionCrash>
@!@!@ENDMSG 2774 @!@!@
@!@!@STARTMSG 2221:0 @!@!@
  line 143, col 15 to line 143, col 137 of module LeaderElectionCrash: 194936
@!@!@ENDMSG 2221 @!@!@
@!@!@STARTMSG 2221:0 @!@!@
  |line 143, col 44 to line 143, col 137 of module LeaderElectionCrash: 1754382
@!@!@ENDMSG 2221 @!@!@
@!@!@STARTMSG 2221:0 @!@!@
  ||line 143, col 44 to line 143, col 107 of module LeaderElectionCrash: 1754382
@!@!@ENDMSG 2221 @!@!@
@!@!@STARTMSG 2221:0 @!@!@
  |||line 143, col 45 to line 143, col 70 of module LeaderElectionCrash: 1754382
@!@!@ENDMSG 2221 @!@!@
@!@!@STARTMSG 2221:0 @!@!@
  ||||line 143, col 45 to line 143, col 55 of module LeaderElectionCrash: 1754382
@!@!@ENDMSG 2221 @!@!@
@!@!@STARTMSG 2221:0 @!@!@
  ||||line 143, col 60 to line 143, col 70 of module LeaderElectionCrash: 679050
@!@!@ENDMSG 2221 @!@!@
@!@!@STARTMSG 2221:0 @!@!@
  |||line 143, col 77 to line 143, col 106 of module LeaderElectionCrash: 291406
@!@!@ENDMSG 2221 @!@!@
@!@!@STARTMSG 2221:0 @!@!@
  ||||line 143, col 77 to line 143, col 89 of module LeaderElectionCrash: 291406
@!@!@ENDMSG 2221 @!@!@
@!@!@STARTMSG 2221:0 @!@!@
  ||||line 143, col 94 to line 143, col 106 of module LeaderElectionCrash: 52790
@!@!@ENDMSG 2221 @!@!@
@!@!@STARTMSG 2221:0 @!@!@
  ||line 143, col 111 to line 143, col 137 of module LeaderElectionCrash: 50924
@!@!@ENDMSG 2221 @!@!@
@!@!@STARTMSG 2221:0 @!@!@
  |line 143, col 33 to line 143, col 41 of module LeaderElectionCrash: 194936
@!@!@ENDMSG 2221 @!@!@
@!@!@STARTMSG 2202:0 @!@!@
End of statistics.
@!@!@ENDMSG 2202 @!@!@
@!@!@STARTMSG 2200:0 @!@!@
Progress(21) at 2021-05-16 16:23:55: 653,526 states generated (6,515,712 s/min), 194,936 distinct states found (1,943,529 ds/min), 33,577 states left on queue.
@!@!@ENDMSG 2200 @!@!@
@!@!@STARTMSG 2199:0 @!@!@
653526 states generated, 194936 distinct states found, 33577 states left on queue.
@!@!@ENDMSG 2199 @!@!@
@!@!@STARTMSG 2194:0 @!@!@
The depth of the complete state graph search is 21.
@!@!@ENDMSG 2194 @!@!@
@!@!@STARTMSG 2268:0 @!@!@
The average outdegree of the complete state graph is 1 (minimum is 0, the maximum 13 and the 95th percentile is 3).
@!@!@ENDMSG 2268 @!@!@
@!@!@STARTMSG 2186:0 @!@!@
Finished in 6028ms at (2021-05-16 16:23:55)
@!@!@ENDMSG 2186 @!@!@
